\BOOKMARK [1][-]{section.1}{Vorwort}{}% 1
\BOOKMARK [1][-]{section.2}{Angesprochene Leser}{}% 2
\BOOKMARK [1][-]{section.3}{Aufbau der Anleitung}{}% 3
\BOOKMARK [1][-]{section.4}{Das richtige Arbeitsumfeld}{}% 4
\BOOKMARK [2][-]{subsection.4.1}{Grundausstattung}{section.4}% 5
\BOOKMARK [2][-]{subsection.4.2}{Arbeitsschutz}{section.4}% 6
\BOOKMARK [3][-]{subsubsection.4.2.1}{Arbeiten Sie nicht unter Spannung}{subsection.4.2}% 7
\BOOKMARK [3][-]{subsubsection.4.2.2}{ESD Schutz}{subsection.4.2}% 8
\BOOKMARK [1][-]{section.5}{Fehlersuche}{}% 9
\BOOKMARK [2][-]{subsection.5.1}{Ursachenforschung}{section.5}% 10
\BOOKMARK [2][-]{subsection.5.2}{optische Fehlersuche}{section.5}% 11
\BOOKMARK [2][-]{subsection.5.3}{Inbetriebnahme}{section.5}% 12
\BOOKMARK [2][-]{subsection.5.4}{messtechnische Fehlersuche}{section.5}% 13
\BOOKMARK [3][-]{subsubsection.5.4.1}{Durchgang Pr\374fen}{subsection.5.4}% 14
\BOOKMARK [3][-]{subsubsection.5.4.2}{Schutzeinrichtungen messen}{subsection.5.4}% 15
\BOOKMARK [3][-]{subsubsection.5.4.3}{Spannungen an Bauteilen messen}{subsection.5.4}% 16
\BOOKMARK [3][-]{subsubsection.5.4.4}{Spannungen verfolgen}{subsection.5.4}% 17
\BOOKMARK [3][-]{subsubsection.5.4.5}{Kurzschl\374sse messen}{subsection.5.4}% 18
\BOOKMARK [2][-]{subsection.5.5}{h\344ufige Fehlerquellen}{section.5}% 19
\BOOKMARK [3][-]{subsubsection.5.5.1}{Elektrolytkondensatoren}{subsection.5.5}% 20
\BOOKMARK [3][-]{subsubsection.5.5.2}{Schutzdioden}{subsection.5.5}% 21
\BOOKMARK [2][-]{subsection.5.6}{Achtung Folgefehler}{section.5}% 22
\BOOKMARK [1][-]{section.6}{Reparatur}{}% 23
\BOOKMARK [1][-]{section.7}{L\366ttipps}{}% 24
\BOOKMARK [1][-]{section.8}{Letzer Ausweg}{}% 25
